<?xml version="1.0" encoding="UTF-8"?>
<!-- Generated by org.testng.reporters.JUnitReportReporter -->
<testsuite hostname="DESKTOP-TI0MANC" failures="0" tests="9" name="Test.PracticeTest" time="186.413" errors="0" timestamp="2022-09-02T01:23:13 IST" skipped="0">
  <testcase classname="Test.PracticeTest" name="checkBoxTest" time="16.499"/>
  <system-out/>
  <testcase classname="Test.PracticeTest" name="linksTest" time="19.286"/>
  <system-out/>
  <testcase classname="Test.PracticeTest" name="webTableTest" time="13.342"/>
  <system-out/>
  <testcase classname="Test.PracticeTest" name="buttonsTest" time="22.553"/>
  <system-out/>
  <testcase classname="Test.PracticeTest" name="radioButtonTest" time="11.399"/>
  <system-out/>
  <testcase classname="Test.PracticeTest" name="uploadTest" time="26.417"/>
  <system-out/>
  <testcase classname="Test.PracticeTest" name="textBoxTest" time="27.914"/>
  <system-out/>
  <testcase classname="Test.PracticeTest" name="brokenLinkTest" time="26.940"/>
  <system-out/>
  <testcase classname="Test.PracticeTest" name="dynamicPropertiesTest" time="22.063"/>
  <system-out/>
</testsuite> <!-- Test.PracticeTest -->
